<?xml version="1.0" encoding="UTF-8"?>
<testng-results skipped="0" failed="0" total="1" passed="1">
  <reporter-output>
  </reporter-output>
  <suite name="Default suite" duration-ms="108" started-at="2020-01-08T17:20:39Z" finished-at="2020-01-08T17:20:39Z">
    <groups>
    </groups>
    <test name="Default test" duration-ms="108" started-at="2020-01-08T17:20:39Z" finished-at="2020-01-08T17:20:39Z">
      <class name="Java_programs.Repeated_element_in_arry">
        <test-method status="PASS" signature="countRepeats()[pri:0, instance:Java_programs.Repeated_element_in_arry@56f4468b]" name="countRepeats" duration-ms="44" started-at="2020-01-08T22:50:39Z" finished-at="2020-01-08T22:50:39Z">
          <reporter-output>
          </reporter-output>
        </test-method> <!-- countRepeats -->
      </class> <!-- Java_programs.Repeated_element_in_arry -->
    </test> <!-- Default test -->
  </suite> <!-- Default suite -->
</testng-results>
